  [1m[35m (112.2ms)[0m  [1m[35mCREATE TABLE "schema_migrations" ("version" varchar NOT NULL PRIMARY KEY)[0m
  [1m[35m (98.1ms)[0m  [1m[35mCREATE TABLE "ar_internal_metadata" ("key" varchar NOT NULL PRIMARY KEY, "value" varchar, "created_at" datetime NOT NULL, "updated_at" datetime NOT NULL)[0m
  [1m[36mActiveRecord::SchemaMigration Load (0.2ms)[0m  [1m[34mSELECT "schema_migrations".* FROM "schema_migrations"[0m
Migrating to CreateProducts (20170412105258)
  [1m[35m (0.1ms)[0m  [1m[36mbegin transaction[0m
  [1m[35m (0.3ms)[0m  [1m[35mCREATE TABLE "products" ("id" INTEGER PRIMARY KEY AUTOINCREMENT NOT NULL, "name" varchar, "price" decimal, "short_description" text, "full_description" text, "created_at" datetime NOT NULL, "updated_at" datetime NOT NULL)[0m
  [1m[35mSQL (0.2ms)[0m  [1m[32mINSERT INTO "schema_migrations" ("version") VALUES (?)[0m  [["version", "20170412105258"]]
  [1m[35m (74.3ms)[0m  [1m[36mcommit transaction[0m
  [1m[36mActiveRecord::InternalMetadata Load (0.2ms)[0m  [1m[34mSELECT  "ar_internal_metadata".* FROM "ar_internal_metadata" WHERE "ar_internal_metadata"."key" = ? LIMIT ?[0m  [["key", :environment], ["LIMIT", 1]]
  [1m[35m (0.0ms)[0m  [1m[36mbegin transaction[0m
  [1m[35mSQL (0.2ms)[0m  [1m[32mINSERT INTO "ar_internal_metadata" ("key", "value", "created_at", "updated_at") VALUES (?, ?, ?, ?)[0m  [["key", "environment"], ["value", "development"], ["created_at", 2017-04-12 11:09:59 UTC], ["updated_at", 2017-04-12 11:09:59 UTC]]
  [1m[35m (94.1ms)[0m  [1m[36mcommit transaction[0m
  [1m[36mActiveRecord::SchemaMigration Load (0.1ms)[0m  [1m[34mSELECT "schema_migrations".* FROM "schema_migrations"[0m
Started GET "/" for 127.0.0.1 at 2017-04-12 16:40:36 +0530
  [1m[36mActiveRecord::SchemaMigration Load (0.1ms)[0m  [1m[34mSELECT "schema_migrations".* FROM "schema_migrations"[0m
Processing by ProductsController#index as HTML
  Rendering products/index.html.erb within layouts/application
  Rendered products/index.html.erb within layouts/application (1.3ms)
Completed 200 OK in 926ms (Views: 904.0ms | ActiveRecord: 0.0ms)


Started GET "/products" for 127.0.0.1 at 2017-04-12 16:40:45 +0530
Processing by ProductsController#index as HTML
  Rendering products/index.html.erb within layouts/application
  Rendered products/index.html.erb within layouts/application (0.5ms)
Completed 200 OK in 25ms (Views: 23.9ms | ActiveRecord: 0.0ms)


Started GET "/products" for 127.0.0.1 at 2017-04-12 16:43:48 +0530
Processing by ProductsController#index as HTML
  Rendering products/index.html.erb within layouts/application
  [1m[36mProduct Load (0.3ms)[0m  [1m[34mSELECT "products".* FROM "products"[0m
  Rendered products/index.html.erb within layouts/application (2.9ms)
Completed 200 OK in 62ms (Views: 60.5ms | ActiveRecord: 0.5ms)


Started GET "/products/new" for 127.0.0.1 at 2017-04-12 16:43:52 +0530
Processing by ProductsController#new as HTML
  Rendering products/new.html.erb within layouts/application
  Rendered products/new.html.erb within layouts/application (185.1ms)
Completed 200 OK in 211ms (Views: 203.9ms | ActiveRecord: 0.6ms)


Started POST "/products" for 127.0.0.1 at 2017-04-12 16:43:54 +0530
Processing by ProductsController#create as HTML
  Parameters: {"utf8"=>"✓", "authenticity_token"=>"dgN6SKDKUwQqXtJBJ0iWv4eG/2r5jBLsC1OwQYcOs9Sd5ZnBsn88Wf5kbg32HmSSnsLh9pOasskTP8gtPXl+5w==", "product"=>{"name"=>"", "price"=>"", "short_description"=>""}, "commit"=>"Create Product"}
  [1m[35m (0.1ms)[0m  [1m[36mbegin transaction[0m
  [1m[35m (0.1ms)[0m  [1m[31mrollback transaction[0m
Completed 500 Internal Server Error in 72ms (ActiveRecord: 0.2ms)


  
NoMethodError (undefined method `description' for #<Product:0xb604ae14>):
  
app/controllers/products_controller.rb:21:in `create'
  Rendering /home/sssit/.rbenv/versions/2.2.3/lib/ruby/gems/2.2.0/gems/actionpack-5.0.2/lib/action_dispatch/middleware/templates/rescues/diagnostics.html.erb within rescues/layout
  Rendering /home/sssit/.rbenv/versions/2.2.3/lib/ruby/gems/2.2.0/gems/actionpack-5.0.2/lib/action_dispatch/middleware/templates/rescues/_source.html.erb
  Rendered /home/sssit/.rbenv/versions/2.2.3/lib/ruby/gems/2.2.0/gems/actionpack-5.0.2/lib/action_dispatch/middleware/templates/rescues/_source.html.erb (7.3ms)
  Rendering /home/sssit/.rbenv/versions/2.2.3/lib/ruby/gems/2.2.0/gems/actionpack-5.0.2/lib/action_dispatch/middleware/templates/rescues/_trace.html.erb
  Rendered /home/sssit/.rbenv/versions/2.2.3/lib/ruby/gems/2.2.0/gems/actionpack-5.0.2/lib/action_dispatch/middleware/templates/rescues/_trace.html.erb (2.8ms)
  Rendering /home/sssit/.rbenv/versions/2.2.3/lib/ruby/gems/2.2.0/gems/actionpack-5.0.2/lib/action_dispatch/middleware/templates/rescues/_request_and_response.html.erb
  Rendered /home/sssit/.rbenv/versions/2.2.3/lib/ruby/gems/2.2.0/gems/actionpack-5.0.2/lib/action_dispatch/middleware/templates/rescues/_request_and_response.html.erb (1.4ms)
  Rendered /home/sssit/.rbenv/versions/2.2.3/lib/ruby/gems/2.2.0/gems/actionpack-5.0.2/lib/action_dispatch/middleware/templates/rescues/diagnostics.html.erb within rescues/layout (30.5ms)
Started GET "/products/5" for 127.0.0.1 at 2017-04-12 16:44:57 +0530
Processing by ProductsController#show as HTML
  Parameters: {"id"=>"5"}
  [1m[36mProduct Load (0.2ms)[0m  [1m[34mSELECT  "products".* FROM "products" WHERE "products"."id" = ? LIMIT ?[0m  [["id", 5], ["LIMIT", 1]]
Completed 404 Not Found in 25ms (ActiveRecord: 0.2ms)


  
ActiveRecord::RecordNotFound (Couldn't find Product with 'id'=5):
  
app/controllers/products_controller.rb:10:in `show'
  Rendering /home/sssit/.rbenv/versions/2.2.3/lib/ruby/gems/2.2.0/gems/actionpack-5.0.2/lib/action_dispatch/middleware/templates/rescues/diagnostics.html.erb within rescues/layout
  Rendering /home/sssit/.rbenv/versions/2.2.3/lib/ruby/gems/2.2.0/gems/actionpack-5.0.2/lib/action_dispatch/middleware/templates/rescues/_source.html.erb
  Rendered /home/sssit/.rbenv/versions/2.2.3/lib/ruby/gems/2.2.0/gems/actionpack-5.0.2/lib/action_dispatch/middleware/templates/rescues/_source.html.erb (5.0ms)
  Rendering /home/sssit/.rbenv/versions/2.2.3/lib/ruby/gems/2.2.0/gems/actionpack-5.0.2/lib/action_dispatch/middleware/templates/rescues/_trace.html.erb
  Rendered /home/sssit/.rbenv/versions/2.2.3/lib/ruby/gems/2.2.0/gems/actionpack-5.0.2/lib/action_dispatch/middleware/templates/rescues/_trace.html.erb (2.2ms)
  Rendering /home/sssit/.rbenv/versions/2.2.3/lib/ruby/gems/2.2.0/gems/actionpack-5.0.2/lib/action_dispatch/middleware/templates/rescues/_request_and_response.html.erb
  Rendered /home/sssit/.rbenv/versions/2.2.3/lib/ruby/gems/2.2.0/gems/actionpack-5.0.2/lib/action_dispatch/middleware/templates/rescues/_request_and_response.html.erb (0.9ms)
  Rendered /home/sssit/.rbenv/versions/2.2.3/lib/ruby/gems/2.2.0/gems/actionpack-5.0.2/lib/action_dispatch/middleware/templates/rescues/diagnostics.html.erb within rescues/layout (26.0ms)
Started GET "/" for 127.0.0.1 at 2017-04-12 16:45:00 +0530
Processing by ProductsController#index as HTML
  Rendering products/index.html.erb within layouts/application
  [1m[36mProduct Load (0.2ms)[0m  [1m[34mSELECT "products".* FROM "products"[0m
  Rendered products/index.html.erb within layouts/application (1.4ms)
Completed 200 OK in 27ms (Views: 25.7ms | ActiveRecord: 0.2ms)


Started POST "/products" for 127.0.0.1 at 2017-04-12 16:47:18 +0530
  [1m[36mActiveRecord::SchemaMigration Load (0.1ms)[0m  [1m[34mSELECT "schema_migrations".* FROM "schema_migrations"[0m
Processing by ProductsController#create as HTML
  Parameters: {"utf8"=>"✓", "authenticity_token"=>"dgN6SKDKUwQqXtJBJ0iWv4eG/2r5jBLsC1OwQYcOs9Sd5ZnBsn88Wf5kbg32HmSSnsLh9pOasskTP8gtPXl+5w==", "product"=>{"name"=>"Jeans", "price"=>"3000", "short_description"=>"Ladies slim fit jeans"}, "commit"=>"Create Product"}
  [1m[35m (0.1ms)[0m  [1m[36mbegin transaction[0m
  [1m[35m (0.1ms)[0m  [1m[31mrollback transaction[0m
Completed 500 Internal Server Error in 21ms (ActiveRecord: 0.7ms)


  
NoMethodError (undefined method `description' for #<Product:0xb9faf848>):
  
app/controllers/products_controller.rb:21:in `create'
  Rendering /home/sssit/.rbenv/versions/2.2.3/lib/ruby/gems/2.2.0/gems/actionpack-5.0.2/lib/action_dispatch/middleware/templates/rescues/diagnostics.html.erb within rescues/layout
  Rendering /home/sssit/.rbenv/versions/2.2.3/lib/ruby/gems/2.2.0/gems/actionpack-5.0.2/lib/action_dispatch/middleware/templates/rescues/_source.html.erb
  Rendered /home/sssit/.rbenv/versions/2.2.3/lib/ruby/gems/2.2.0/gems/actionpack-5.0.2/lib/action_dispatch/middleware/templates/rescues/_source.html.erb (7.4ms)
  Rendering /home/sssit/.rbenv/versions/2.2.3/lib/ruby/gems/2.2.0/gems/actionpack-5.0.2/lib/action_dispatch/middleware/templates/rescues/_trace.html.erb
  Rendered /home/sssit/.rbenv/versions/2.2.3/lib/ruby/gems/2.2.0/gems/actionpack-5.0.2/lib/action_dispatch/middleware/templates/rescues/_trace.html.erb (2.9ms)
  Rendering /home/sssit/.rbenv/versions/2.2.3/lib/ruby/gems/2.2.0/gems/actionpack-5.0.2/lib/action_dispatch/middleware/templates/rescues/_request_and_response.html.erb
  Rendered /home/sssit/.rbenv/versions/2.2.3/lib/ruby/gems/2.2.0/gems/actionpack-5.0.2/lib/action_dispatch/middleware/templates/rescues/_request_and_response.html.erb (1.4ms)
  Rendered /home/sssit/.rbenv/versions/2.2.3/lib/ruby/gems/2.2.0/gems/actionpack-5.0.2/lib/action_dispatch/middleware/templates/rescues/diagnostics.html.erb within rescues/layout (33.4ms)
Started POST "/products" for 127.0.0.1 at 2017-04-12 16:49:01 +0530
Processing by ProductsController#create as HTML
  Parameters: {"utf8"=>"✓", "authenticity_token"=>"dgN6SKDKUwQqXtJBJ0iWv4eG/2r5jBLsC1OwQYcOs9Sd5ZnBsn88Wf5kbg32HmSSnsLh9pOasskTP8gtPXl+5w==", "product"=>{"name"=>"Jeans", "price"=>"3000", "short_description"=>"Ladies slim fit jeans"}, "commit"=>"Create Product"}
  [1m[35m (0.1ms)[0m  [1m[36mbegin transaction[0m
  [1m[35mSQL (0.3ms)[0m  [1m[32mINSERT INTO "products" ("name", "price", "short_description", "created_at", "updated_at") VALUES (?, ?, ?, ?, ?)[0m  [["name", "Jeans"], ["price", #<BigDecimal:b6654c4c,'0.3E4',9(18)>], ["short_description", "Ladies slim fit jeans"], ["created_at", 2017-04-12 11:19:11 UTC], ["updated_at", 2017-04-12 11:19:11 UTC]]
  [1m[35m (75.8ms)[0m  [1m[36mcommit transaction[0m
Redirected to http://localhost:3000/
Completed 302 Found in 91ms (ActiveRecord: 76.9ms)


Started GET "/" for 127.0.0.1 at 2017-04-12 16:49:11 +0530
Processing by ProductsController#index as HTML
  Rendering products/index.html.erb within layouts/application
  [1m[36mProduct Load (0.2ms)[0m  [1m[34mSELECT "products".* FROM "products"[0m
  Rendered products/index.html.erb within layouts/application (2.0ms)
Completed 200 OK in 245ms (Views: 242.8ms | ActiveRecord: 0.2ms)


Started GET "/products/1" for 127.0.0.1 at 2017-04-12 16:49:16 +0530
Processing by ProductsController#show as HTML
  Parameters: {"id"=>"1"}
  [1m[36mProduct Load (0.5ms)[0m  [1m[34mSELECT  "products".* FROM "products" WHERE "products"."id" = ? LIMIT ?[0m  [["id", 1], ["LIMIT", 1]]
  Rendering products/show.html.erb within layouts/application
  Rendered products/show.html.erb within layouts/application (1.2ms)
Completed 200 OK in 49ms (Views: 26.4ms | ActiveRecord: 0.5ms)


Started GET "/products" for 127.0.0.1 at 2017-04-12 16:49:18 +0530
Processing by ProductsController#index as HTML
  Rendering products/index.html.erb within layouts/application
  [1m[36mProduct Load (0.2ms)[0m  [1m[34mSELECT "products".* FROM "products"[0m
  Rendered products/index.html.erb within layouts/application (1.8ms)
Completed 200 OK in 25ms (Views: 24.0ms | ActiveRecord: 0.2ms)


Started GET "/products/new" for 127.0.0.1 at 2017-04-12 16:49:21 +0530
Processing by ProductsController#new as HTML
  Rendering products/new.html.erb within layouts/application
  Rendered products/new.html.erb within layouts/application (9.6ms)
Completed 200 OK in 36ms (Views: 34.6ms | ActiveRecord: 0.0ms)


Started POST "/products" for 127.0.0.1 at 2017-04-12 16:49:42 +0530
Processing by ProductsController#create as HTML
  Parameters: {"utf8"=>"✓", "authenticity_token"=>"8a7pB8fx3X0nHulOohk4s/fzIEAUlFNXf+efl3joBToaSAqO1USyIPMkVQJzT8qe7rc+3H6C83Jni+f7wp/ICQ==", "product"=>{"name"=>"Watch", "price"=>"4200", "short_description"=>"Ladies stylish watch "}, "commit"=>"Create Product"}
  [1m[35m (0.1ms)[0m  [1m[36mbegin transaction[0m
  [1m[35mSQL (0.7ms)[0m  [1m[32mINSERT INTO "products" ("name", "price", "short_description", "created_at", "updated_at") VALUES (?, ?, ?, ?, ?)[0m  [["name", "Watch"], ["price", #<BigDecimal:b35e0070,'0.42E4',9(18)>], ["short_description", "Ladies stylish watch "], ["created_at", 2017-04-12 11:19:42 UTC], ["updated_at", 2017-04-12 11:19:42 UTC]]
  [1m[35m (133.9ms)[0m  [1m[36mcommit transaction[0m
Redirected to http://localhost:3000/
Completed 302 Found in 138ms (ActiveRecord: 134.6ms)


Started GET "/" for 127.0.0.1 at 2017-04-12 16:49:42 +0530
Processing by ProductsController#index as HTML
  Rendering products/index.html.erb within layouts/application
  [1m[36mProduct Load (0.3ms)[0m  [1m[34mSELECT "products".* FROM "products"[0m
  Rendered products/index.html.erb within layouts/application (2.7ms)
Completed 200 OK in 24ms (Views: 22.2ms | ActiveRecord: 0.3ms)


Started GET "/products/new" for 127.0.0.1 at 2017-04-12 16:49:45 +0530
Processing by ProductsController#new as HTML
  Rendering products/new.html.erb within layouts/application
  Rendered products/new.html.erb within layouts/application (1.9ms)
Completed 200 OK in 30ms (Views: 29.4ms | ActiveRecord: 0.0ms)


Started POST "/products" for 127.0.0.1 at 2017-04-12 16:50:07 +0530
Processing by ProductsController#create as HTML
  Parameters: {"utf8"=>"✓", "authenticity_token"=>"Gcjzi6018ubs4oa+aOPovTBTTivNKdotIjPK4lwxVebyLhACv4CduzjYOvK5tRqQKRdQt6c/egg6X7KO5kaY1Q==", "product"=>{"name"=>"Jeggings", "price"=>"2300", "short_description"=>"Ladies black slim jaggings"}, "commit"=>"Create Product"}
  [1m[35m (0.1ms)[0m  [1m[36mbegin transaction[0m
  [1m[35mSQL (0.6ms)[0m  [1m[32mINSERT INTO "products" ("name", "price", "short_description", "created_at", "updated_at") VALUES (?, ?, ?, ?, ?)[0m  [["name", "Jeggings"], ["price", #<BigDecimal:b33f5a1c,'0.23E4',9(18)>], ["short_description", "Ladies black slim jaggings"], ["created_at", 2017-04-12 11:20:07 UTC], ["updated_at", 2017-04-12 11:20:07 UTC]]
  [1m[35m (161.7ms)[0m  [1m[36mcommit transaction[0m
Redirected to http://localhost:3000/
Completed 302 Found in 166ms (ActiveRecord: 162.3ms)


Started GET "/" for 127.0.0.1 at 2017-04-12 16:50:07 +0530
Processing by ProductsController#index as HTML
  Rendering products/index.html.erb within layouts/application
  [1m[36mProduct Load (0.2ms)[0m  [1m[34mSELECT "products".* FROM "products"[0m
  Rendered products/index.html.erb within layouts/application (3.5ms)
Completed 200 OK in 51ms (Views: 49.5ms | ActiveRecord: 0.2ms)


Started GET "/products/new" for 127.0.0.1 at 2017-04-12 16:50:14 +0530
Processing by ProductsController#new as HTML
  Rendering products/new.html.erb within layouts/application
  Rendered products/new.html.erb within layouts/application (1.8ms)
Completed 200 OK in 37ms (Views: 36.2ms | ActiveRecord: 0.0ms)


Started POST "/products" for 127.0.0.1 at 2017-04-12 16:50:34 +0530
Processing by ProductsController#create as HTML
  Parameters: {"utf8"=>"✓", "authenticity_token"=>"wnUWOyTfZrt1iCb8s306ai3hthC1qW3b6r8kUnTHdlopk/WyNmoJ5qGymrBiK8hHNKWojN+/zf7y01w+zrC7aQ==", "product"=>{"name"=>"Kurti", "price"=>"1500", "short_description"=>"Ladies blue long lurti"}, "commit"=>"Create Product"}
  [1m[35m (0.1ms)[0m  [1m[36mbegin transaction[0m
  [1m[35mSQL (1.0ms)[0m  [1m[32mINSERT INTO "products" ("name", "price", "short_description", "created_at", "updated_at") VALUES (?, ?, ?, ?, ?)[0m  [["name", "Kurti"], ["price", #<BigDecimal:b378c360,'0.15E4',9(18)>], ["short_description", "Ladies blue long lurti"], ["created_at", 2017-04-12 11:20:34 UTC], ["updated_at", 2017-04-12 11:20:34 UTC]]
  [1m[35m (165.4ms)[0m  [1m[36mcommit transaction[0m
Redirected to http://localhost:3000/
Completed 302 Found in 171ms (ActiveRecord: 166.5ms)


Started GET "/" for 127.0.0.1 at 2017-04-12 16:50:34 +0530
Processing by ProductsController#index as HTML
  Rendering products/index.html.erb within layouts/application
  [1m[36mProduct Load (0.2ms)[0m  [1m[34mSELECT "products".* FROM "products"[0m
  Rendered products/index.html.erb within layouts/application (3.3ms)
Completed 200 OK in 23ms (Views: 22.3ms | ActiveRecord: 0.2ms)


Started GET "/products/new" for 127.0.0.1 at 2017-04-12 16:50:40 +0530
Processing by ProductsController#new as HTML
  Rendering products/new.html.erb within layouts/application
  Rendered products/new.html.erb within layouts/application (2.7ms)
Completed 200 OK in 36ms (Views: 34.0ms | ActiveRecord: 0.0ms)


Started POST "/products" for 127.0.0.1 at 2017-04-12 16:50:55 +0530
Processing by ProductsController#create as HTML
  Parameters: {"utf8"=>"✓", "authenticity_token"=>"L5S+Iz5EYxjp0MjFIeAbP5STiLX9WMWetD7rH1OJ287Ecl2qLPEMRT3qdInwtukSjdeWKZdOZbusUpNz6f4W/Q==", "product"=>{"name"=>"Shirts", "price"=>"3500", "short_description"=>"Men formal shirts"}, "commit"=>"Create Product"}
  [1m[35m (0.1ms)[0m  [1m[36mbegin transaction[0m
  [1m[35mSQL (9.3ms)[0m  [1m[32mINSERT INTO "products" ("name", "price", "short_description", "created_at", "updated_at") VALUES (?, ?, ?, ?, ?)[0m  [["name", "Shirts"], ["price", #<BigDecimal:ba4dd8c4,'0.35E4',9(18)>], ["short_description", "Men formal shirts"], ["created_at", 2017-04-12 11:20:55 UTC], ["updated_at", 2017-04-12 11:20:55 UTC]]
  [1m[35m (151.6ms)[0m  [1m[36mcommit transaction[0m
Redirected to http://localhost:3000/
Completed 302 Found in 167ms (ActiveRecord: 161.0ms)


Started GET "/" for 127.0.0.1 at 2017-04-12 16:50:55 +0530
Processing by ProductsController#index as HTML
  Rendering products/index.html.erb within layouts/application
  [1m[36mProduct Load (0.3ms)[0m  [1m[34mSELECT "products".* FROM "products"[0m
  Rendered products/index.html.erb within layouts/application (4.2ms)
Completed 200 OK in 32ms (Views: 30.7ms | ActiveRecord: 0.3ms)


Started GET "/products" for 127.0.0.1 at 2017-04-12 16:54:08 +0530
Processing by ProductsController#index as HTML
  Rendering products/index.html.erb within layouts/application
  [1m[36mProduct Load (0.3ms)[0m  [1m[34mSELECT "products".* FROM "products"[0m
  Rendered products/index.html.erb within layouts/application (3.7ms)
Completed 200 OK in 33ms (Views: 31.8ms | ActiveRecord: 0.3ms)


Started GET "/products/new" for 127.0.0.1 at 2017-04-12 17:31:23 +0530
Processing by ProductsController#new as HTML
  Rendering products/new.html.erb within layouts/application
  Rendered products/new.html.erb within layouts/application (1.6ms)
Completed 200 OK in 58ms (Views: 56.9ms | ActiveRecord: 0.0ms)


Started GET "/products/new" for 127.0.0.1 at 2017-04-12 17:46:39 +0530
Processing by ProductsController#new as HTML
  Rendering products/new.html.erb within layouts/application
  Rendered products/new.html.erb within layouts/application (2.3ms)
Completed 200 OK in 35ms (Views: 33.7ms | ActiveRecord: 0.0ms)


Started POST "/products" for 127.0.0.1 at 2017-04-12 17:49:13 +0530
Processing by ProductsController#create as HTML
  Parameters: {"utf8"=>"✓", "authenticity_token"=>"0DQXSN6wYJLVeUsPopTxFC3tnkIKc48n35ZInbhI6XY70vTBzAUPzwFD90NzwgM5NKmA3mBlLwLH+jDxAj8kRQ==", "product"=>{"name"=>"Shorts", "price"=>"1700", "short_description"=>"Ladies slim fit shorts"}, "commit"=>"Create Product"}
  [1m[35m (0.1ms)[0m  [1m[36mbegin transaction[0m
  [1m[35mSQL (24.0ms)[0m  [1m[32mINSERT INTO "products" ("name", "price", "short_description", "created_at", "updated_at") VALUES (?, ?, ?, ?, ?)[0m  [["name", "Shorts"], ["price", #<BigDecimal:b4f30de0,'0.17E4',9(18)>], ["short_description", "Ladies slim fit shorts"], ["created_at", 2017-04-12 12:19:13 UTC], ["updated_at", 2017-04-12 12:19:13 UTC]]
  [1m[35m (155.3ms)[0m  [1m[36mcommit transaction[0m
Redirected to http://localhost:3000/
Completed 302 Found in 184ms (ActiveRecord: 179.4ms)


Started GET "/" for 127.0.0.1 at 2017-04-12 17:49:13 +0530
Processing by ProductsController#index as HTML
  Rendering products/index.html.erb within layouts/application
  [1m[36mProduct Load (0.2ms)[0m  [1m[34mSELECT "products".* FROM "products"[0m
  Rendered products/index.html.erb within layouts/application (3.2ms)
Completed 200 OK in 41ms (Views: 27.4ms | ActiveRecord: 0.2ms)


Started GET "/products/5/edit" for 127.0.0.1 at 2017-04-12 17:54:04 +0530
Processing by ProductsController#edit as HTML
  Parameters: {"id"=>"5"}
  [1m[36mProduct Load (0.2ms)[0m  [1m[34mSELECT  "products".* FROM "products" WHERE "products"."id" = ? LIMIT ?[0m  [["id", 5], ["LIMIT", 1]]
  Rendering products/edit.html.erb within layouts/application
  Rendered products/edit.html.erb within layouts/application (1.8ms)
Completed 200 OK in 51ms (Views: 21.2ms | ActiveRecord: 0.2ms)


Started PATCH "/products/5" for 127.0.0.1 at 2017-04-12 17:56:11 +0530
Processing by ProductsController#update as HTML
  Parameters: {"utf8"=>"✓", "authenticity_token"=>"DWl62sXYqgcRVTPZZAIfV2I4k5XVoZjP0QWDxKxCtx5bpHQc8V8045c4A8VwM/JH6jqchHkigNTtN5h9Il/wlQ==", "product"=>{"name"=>"Shirts", "price"=>"3500.0", "short_description"=>"Women formal shirts"}, "commit"=>"Update Product", "id"=>"5"}
  [1m[36mProduct Load (0.2ms)[0m  [1m[34mSELECT  "products".* FROM "products" WHERE "products"."id" = ? LIMIT ?[0m  [["id", 5], ["LIMIT", 1]]
  [1m[35m (0.0ms)[0m  [1m[36mbegin transaction[0m
  [1m[35mSQL (9.0ms)[0m  [1m[33mUPDATE "products" SET "short_description" = ?, "updated_at" = ? WHERE "products"."id" = ?[0m  [["short_description", "Women formal shirts"], ["updated_at", 2017-04-12 12:26:11 UTC], ["id", 5]]
  [1m[35m (156.3ms)[0m  [1m[36mcommit transaction[0m
Redirected to http://localhost:3000/
Completed 302 Found in 183ms (ActiveRecord: 165.5ms)


Started GET "/" for 127.0.0.1 at 2017-04-12 17:56:11 +0530
Processing by ProductsController#index as HTML
  Rendering products/index.html.erb within layouts/application
  [1m[36mProduct Load (0.2ms)[0m  [1m[34mSELECT "products".* FROM "products"[0m
  Rendered products/index.html.erb within layouts/application (3.3ms)
Completed 200 OK in 23ms (Views: 21.4ms | ActiveRecord: 0.2ms)


Started DELETE "/products/1" for 127.0.0.1 at 2017-04-12 17:58:25 +0530
Processing by ProductsController#destroy as HTML
  Parameters: {"authenticity_token"=>"ViZcMrIo4yWFxdIUPn1N7Z8dozajuPIvxi/s7MC8LfE20qKl6M3kKW1CKnVOsbaC8gdFj+3w6jbZXzondHU7pg==", "id"=>"1"}
  [1m[36mProduct Load (0.2ms)[0m  [1m[34mSELECT  "products".* FROM "products" WHERE "products"."id" = ? LIMIT ?[0m  [["id", 1], ["LIMIT", 1]]
  [1m[35mSQL (112.3ms)[0m  [1m[31mDELETE FROM "products" WHERE "products"."id" = ?[0m  [["id", 1]]
Redirected to http://localhost:3000/
Completed 302 Found in 115ms (ActiveRecord: 112.4ms)


Started GET "/" for 127.0.0.1 at 2017-04-12 17:58:25 +0530
Processing by ProductsController#index as HTML
  Rendering products/index.html.erb within layouts/application
  [1m[36mProduct Load (0.3ms)[0m  [1m[34mSELECT "products".* FROM "products"[0m
  Rendered products/index.html.erb within layouts/application (3.8ms)
Completed 200 OK in 24ms (Views: 22.8ms | ActiveRecord: 0.3ms)


Started GET "/products/new" for 127.0.0.1 at 2017-04-12 18:01:08 +0530
Processing by ProductsController#new as HTML
  Rendering products/new.html.erb within layouts/application
  Rendered products/new.html.erb within layouts/application (1.7ms)
Completed 200 OK in 28ms (Views: 27.2ms | ActiveRecord: 0.0ms)


Started GET "/products/1" for 127.0.0.1 at 2017-04-12 18:01:12 +0530
Processing by ProductsController#show as HTML
  Parameters: {"id"=>"1"}
  [1m[36mProduct Load (0.1ms)[0m  [1m[34mSELECT  "products".* FROM "products" WHERE "products"."id" = ? LIMIT ?[0m  [["id", 1], ["LIMIT", 1]]
Completed 404 Not Found in 1ms (ActiveRecord: 0.1ms)


  
ActiveRecord::RecordNotFound (Couldn't find Product with 'id'=1):
  
app/controllers/products_controller.rb:10:in `show'
  Rendering /home/sssit/.rbenv/versions/2.2.3/lib/ruby/gems/2.2.0/gems/actionpack-5.0.2/lib/action_dispatch/middleware/templates/rescues/diagnostics.html.erb within rescues/layout
  Rendering /home/sssit/.rbenv/versions/2.2.3/lib/ruby/gems/2.2.0/gems/actionpack-5.0.2/lib/action_dispatch/middleware/templates/rescues/_source.html.erb
  Rendered /home/sssit/.rbenv/versions/2.2.3/lib/ruby/gems/2.2.0/gems/actionpack-5.0.2/lib/action_dispatch/middleware/templates/rescues/_source.html.erb (5.6ms)
  Rendering /home/sssit/.rbenv/versions/2.2.3/lib/ruby/gems/2.2.0/gems/actionpack-5.0.2/lib/action_dispatch/middleware/templates/rescues/_trace.html.erb
  Rendered /home/sssit/.rbenv/versions/2.2.3/lib/ruby/gems/2.2.0/gems/actionpack-5.0.2/lib/action_dispatch/middleware/templates/rescues/_trace.html.erb (2.4ms)
  Rendering /home/sssit/.rbenv/versions/2.2.3/lib/ruby/gems/2.2.0/gems/actionpack-5.0.2/lib/action_dispatch/middleware/templates/rescues/_request_and_response.html.erb
  Rendered /home/sssit/.rbenv/versions/2.2.3/lib/ruby/gems/2.2.0/gems/actionpack-5.0.2/lib/action_dispatch/middleware/templates/rescues/_request_and_response.html.erb (1.0ms)
  Rendered /home/sssit/.rbenv/versions/2.2.3/lib/ruby/gems/2.2.0/gems/actionpack-5.0.2/lib/action_dispatch/middleware/templates/rescues/diagnostics.html.erb within rescues/layout (27.7ms)
Started GET "/products/3" for 127.0.0.1 at 2017-04-12 18:02:31 +0530
Processing by ProductsController#show as HTML
  Parameters: {"id"=>"3"}
  [1m[36mProduct Load (0.1ms)[0m  [1m[34mSELECT  "products".* FROM "products" WHERE "products"."id" = ? LIMIT ?[0m  [["id", 3], ["LIMIT", 1]]
  Rendering products/show.html.erb within layouts/application
  Rendered products/show.html.erb within layouts/application (0.8ms)
Completed 200 OK in 49ms (Views: 25.4ms | ActiveRecord: 0.1ms)


Started GET "/products/3" for 127.0.0.1 at 2017-04-12 18:02:41 +0530
Processing by ProductsController#show as HTML
  Parameters: {"id"=>"3"}
  [1m[36mProduct Load (0.1ms)[0m  [1m[34mSELECT  "products".* FROM "products" WHERE "products"."id" = ? LIMIT ?[0m  [["id", 3], ["LIMIT", 1]]
  Rendering products/show.html.erb within layouts/application
  Rendered products/show.html.erb within layouts/application (0.9ms)
Completed 200 OK in 35ms (Views: 33.2ms | ActiveRecord: 0.1ms)


Started GET "/" for 127.0.0.1 at 2017-04-30 15:08:46 +0530
  [1m[36mActiveRecord::SchemaMigration Load (0.2ms)[0m  [1m[34mSELECT "schema_migrations".* FROM "schema_migrations"[0m
Processing by ProductsController#index as HTML
  Rendering products/index.html.erb within layouts/application
  [1m[36mProduct Load (0.2ms)[0m  [1m[34mSELECT "products".* FROM "products"[0m
  Rendered products/index.html.erb within layouts/application (11.9ms)
Completed 200 OK in 344ms (Views: 316.7ms | ActiveRecord: 0.7ms)


  [1m[36mActiveRecord::SchemaMigration Load (0.2ms)[0m  [1m[34mSELECT "schema_migrations".* FROM "schema_migrations"[0m
  [1m[36mActiveRecord::InternalMetadata Load (0.5ms)[0m  [1m[34mSELECT  "ar_internal_metadata".* FROM "ar_internal_metadata" WHERE "ar_internal_metadata"."key" = ? LIMIT ?[0m  [["key", :environment], ["LIMIT", 1]]
  [1m[35m (0.1ms)[0m  [1m[36mbegin transaction[0m
  [1m[35m (0.1ms)[0m  [1m[36mcommit transaction[0m
  [1m[36mActiveRecord::SchemaMigration Load (0.1ms)[0m  [1m[34mSELECT "schema_migrations".* FROM "schema_migrations"[0m
Started GET "/" for ::1 at 2018-11-12 23:51:24 +0700
  [1m[36mActiveRecord::SchemaMigration Load (0.2ms)[0m  [1m[34mSELECT "schema_migrations".* FROM "schema_migrations"[0m
Processing by ProductsController#index as HTML
  Rendering products/index.html.erb within layouts/application
  [1m[36mProduct Load (0.5ms)[0m  [1m[34mSELECT "products".* FROM "products"[0m
  Rendered products/index.html.erb within layouts/application (26.0ms)
Completed 200 OK in 838ms (Views: 818.0ms | ActiveRecord: 1.9ms)


Started GET "/products/new" for ::1 at 2018-11-12 23:52:06 +0700
Processing by ProductsController#new as HTML
  Rendering products/new.html.erb within layouts/application
  Rendered products/new.html.erb within layouts/application (15.3ms)
Completed 200 OK in 70ms (Views: 57.0ms | ActiveRecord: 0.0ms)


Started POST "/products" for ::1 at 2018-11-12 23:52:25 +0700
Processing by ProductsController#create as HTML
  Parameters: {"utf8"=>"✓", "authenticity_token"=>"xtOh6g7VKK4eMsFvBcmX8UpRfDWMOz0gkLjqKJkM5HQHIdcMLOX8TonYWUKydv2FAUDOI54zjZ9X7OlWQMuFSQ==", "product"=>{"name"=>"susu dancow", "price"=>"27000", "short_description"=>"mahal cvk"}, "commit"=>"Create Product"}
  [1m[35m (0.2ms)[0m  [1m[36mbegin transaction[0m
  [1m[35mSQL (1.1ms)[0m  [1m[32mINSERT INTO "products" ("name", "price", "short_description", "created_at", "updated_at") VALUES (?, ?, ?, ?, ?)[0m  [["name", "susu dancow"], ["price", 0.27e5], ["short_description", "mahal cvk"], ["created_at", 2018-11-12 16:52:25 UTC], ["updated_at", 2018-11-12 16:52:25 UTC]]
  [1m[35m (1.9ms)[0m  [1m[36mcommit transaction[0m
Redirected to http://localhost:3000/
Completed 302 Found in 9ms (ActiveRecord: 3.2ms)


Started GET "/" for ::1 at 2018-11-12 23:52:26 +0700
Processing by ProductsController#index as HTML
  Rendering products/index.html.erb within layouts/application
  [1m[36mProduct Load (0.4ms)[0m  [1m[34mSELECT "products".* FROM "products"[0m
  Rendered products/index.html.erb within layouts/application (3.9ms)
Completed 200 OK in 45ms (Views: 41.5ms | ActiveRecord: 0.4ms)


Started GET "/products/7" for ::1 at 2018-11-12 23:52:32 +0700
Processing by ProductsController#show as HTML
  Parameters: {"id"=>"7"}
  [1m[36mProduct Load (0.9ms)[0m  [1m[34mSELECT  "products".* FROM "products" WHERE "products"."id" = ? LIMIT ?[0m  [["id", 7], ["LIMIT", 1]]
  Rendering products/show.html.erb within layouts/application
  Rendered products/show.html.erb within layouts/application (1.5ms)
Completed 200 OK in 53ms (Views: 37.6ms | ActiveRecord: 0.9ms)


Started GET "/products" for ::1 at 2018-11-12 23:52:36 +0700
Processing by ProductsController#index as HTML
  Rendering products/index.html.erb within layouts/application
  [1m[36mProduct Load (0.6ms)[0m  [1m[34mSELECT "products".* FROM "products"[0m
  Rendered products/index.html.erb within layouts/application (5.5ms)
Completed 200 OK in 46ms (Views: 40.9ms | ActiveRecord: 0.6ms)


Started DELETE "/products/7" for ::1 at 2018-11-12 23:52:56 +0700
Processing by ProductsController#destroy as HTML
  Parameters: {"authenticity_token"=>"9JsV1+pWxRO0f1nZTPHWQGFxVxLNxlRRF2RkOM1FO8PGIzxzipuzQPL9IAicYJmUz4jarNoCbXkPuGMJOlnPew==", "id"=>"7"}
  [1m[36mProduct Load (0.8ms)[0m  [1m[34mSELECT  "products".* FROM "products" WHERE "products"."id" = ? LIMIT ?[0m  [["id", 7], ["LIMIT", 1]]
  [1m[35mSQL (2.1ms)[0m  [1m[31mDELETE FROM "products" WHERE "products"."id" = ?[0m  [["id", 7]]
Redirected to http://localhost:3000/
Completed 302 Found in 7ms (ActiveRecord: 2.9ms)


Started GET "/" for ::1 at 2018-11-12 23:52:56 +0700
Processing by ProductsController#index as HTML
  Rendering products/index.html.erb within layouts/application
  [1m[36mProduct Load (0.2ms)[0m  [1m[34mSELECT "products".* FROM "products"[0m
  Rendered products/index.html.erb within layouts/application (2.7ms)
Completed 200 OK in 52ms (Views: 48.9ms | ActiveRecord: 0.2ms)


Started GET "/" for ::1 at 2018-11-13 00:34:36 +0700
Started GET "/" for ::1 at 2018-11-13 00:34:36 +0700
  [1m[36mActiveRecord::SchemaMigration Load (0.2ms)[0m  [1m[34mSELECT "schema_migrations".* FROM "schema_migrations"[0m
  [1m[36mActiveRecord::SchemaMigration Load (0.1ms)[0m  [1m[34mSELECT "schema_migrations".* FROM "schema_migrations"[0m
Processing by ProductsController#index as HTML
Processing by ProductsController#index as HTML
  Rendering products/index.html.erb within layouts/application
  Rendering products/index.html.erb within layouts/application
  [1m[36mProduct Load (0.2ms)[0m  [1m[34mSELECT "products".* FROM "products"[0m
  Rendered products/index.html.erb within layouts/application (15.5ms)
  [1m[36mProduct Load (0.2ms)[0m  [1m[34mSELECT "products".* FROM "products"[0m
  Rendered products/index.html.erb within layouts/application (184.9ms)
Completed 200 OK in 383ms (Views: 364.3ms | ActiveRecord: 0.2ms)


Completed 200 OK in 383ms (Views: 369.3ms | ActiveRecord: 0.7ms)


